Using pre-set license
Built from '2020.3/staging' branch; Version is '2020.3.16f1 (049d6eca3c44) revision 302446'; Using compiler version '192528614'; Build Type 'Release'
OS: 'Windows 10 Pro; OS build 19041.1237; Version 2004; 64bit' Language: 'ru' Physical Memory: 32716 MB
BatchMode: 1, IsHumanControllingUs: 0, StartBugReporterOnCrash: 0, Is64bit: 1, IsPro: 0

 COMMAND LINE ARGUMENTS:
C:\Program Files\Unity\Hub\Editor\2020.3.16f1\Editor\Unity.exe
-adb2
-batchMode
-noUpm
-name
AssetImportWorker0
-projectPath
D:/GitHub/Complete-C-Unity-Game-Developer-2D
-logFile
Logs/AssetImportWorker0.log
-srvPort
55987
Successfully changed project path to: D:/GitHub/Complete-C-Unity-Game-Developer-2D
D:/GitHub/Complete-C-Unity-Game-Developer-2D
Using Asset Import Pipeline V2.
Refreshing native plugins compatible for Editor in 92.99 ms, found 3 plugins.
Preloading 0 native plugins for Editor in 0.00 ms.
Initialize engine version: 2020.3.16f1 (049d6eca3c44)
[Subsystems] Discovering subsystems at path C:/Program Files/Unity/Hub/Editor/2020.3.16f1/Editor/Data/Resources/UnitySubsystems
[Subsystems] Discovering subsystems at path D:/GitHub/Complete-C-Unity-Game-Developer-2D/Assets
GfxDevice: creating device client; threaded=0
Direct3D:
    Version:  Direct3D 11.0 [level 11.1]
    Renderer: NVIDIA GeForce RTX 2060 SUPER (ID=0x1f06)
    Vendor:   
    VRAM:     8031 MB
    Driver:   30.0.14.7212
Initialize mono
Mono path[0] = 'C:/Program Files/Unity/Hub/Editor/2020.3.16f1/Editor/Data/Managed'
Mono path[1] = 'C:/Program Files/Unity/Hub/Editor/2020.3.16f1/Editor/Data/MonoBleedingEdge/lib/mono/unityjit'
Mono config path = 'C:/Program Files/Unity/Hub/Editor/2020.3.16f1/Editor/Data/MonoBleedingEdge/etc'
Using monoOptions --debugger-agent=transport=dt_socket,embedding=1,server=y,suspend=n,address=127.0.0.1:56988
Begin MonoManager ReloadAssembly
Registering precompiled unity dll's ...
Register platform support module: C:/Program Files/Unity/Hub/Editor/2020.3.16f1/Editor/Data/PlaybackEngines/WebGLSupport/UnityEditor.WebGL.Extensions.dll
Register platform support module: C:/Program Files/Unity/Hub/Editor/2020.3.16f1/Editor/Data/PlaybackEngines/WindowsStandaloneSupport/UnityEditor.WindowsStandalone.Extensions.dll
Registered in 0.001510 seconds.
Native extension for WindowsStandalone target not found
Native extension for WebGL target not found
Refreshing native plugins compatible for Editor in 124.63 ms, found 3 plugins.
Preloading 0 native plugins for Editor in 0.00 ms.
Mono: successfully reloaded assembly
- Completed reload, in  1.605 seconds
Domain Reload Profiling:
	ReloadAssembly (1605ms)
		BeginReloadAssembly (44ms)
			ExecutionOrderSort (0ms)
			DisableScriptedObjects (0ms)
			BackupInstance (0ms)
			ReleaseScriptingObjects (0ms)
			CreateAndSetChildDomain (1ms)
		EndReloadAssembly (417ms)
			LoadAssemblies (42ms)
			RebuildTransferFunctionScriptingTraits (0ms)
			SetupTypeCache (115ms)
			ReleaseScriptCaches (0ms)
			RebuildScriptCaches (24ms)
			SetupLoadedEditorAssemblies (222ms)
				LogAssemblyErrors (0ms)
				InitializePlatformSupportModulesInManaged (4ms)
				SetLoadedEditorAssemblies (0ms)
				RefreshPlugins (125ms)
				BeforeProcessingInitializeOnLoad (12ms)
				ProcessInitializeOnLoadAttributes (60ms)
				ProcessInitializeOnLoadMethodAttributes (20ms)
				AfterProcessingInitializeOnLoad (0ms)
				EditorAssembliesLoaded (0ms)
			ExecutionOrderSort2 (0ms)
			AwakeInstancesAfterBackupRestoration (0ms)
Platform modules already initialized, skipping
Registering precompiled user dll's ...
Registered in 0.002723 seconds.
Begin MonoManager ReloadAssembly
Native extension for WindowsStandalone target not found
Native extension for WebGL target not found
Refreshing native plugins compatible for Editor in 97.01 ms, found 3 plugins.
Preloading 0 native plugins for Editor in 0.00 ms.
Mono: successfully reloaded assembly
- Completed reload, in  1.025 seconds
Domain Reload Profiling:
	ReloadAssembly (1026ms)
		BeginReloadAssembly (117ms)
			ExecutionOrderSort (0ms)
			DisableScriptedObjects (3ms)
			BackupInstance (0ms)
			ReleaseScriptingObjects (0ms)
			CreateAndSetChildDomain (17ms)
		EndReloadAssembly (859ms)
			LoadAssemblies (87ms)
			RebuildTransferFunctionScriptingTraits (0ms)
			SetupTypeCache (231ms)
			ReleaseScriptCaches (1ms)
			RebuildScriptCaches (43ms)
			SetupLoadedEditorAssemblies (398ms)
				LogAssemblyErrors (0ms)
				InitializePlatformSupportModulesInManaged (4ms)
				SetLoadedEditorAssemblies (0ms)
				RefreshPlugins (97ms)
				BeforeProcessingInitializeOnLoad (60ms)
				ProcessInitializeOnLoadAttributes (223ms)
				ProcessInitializeOnLoadMethodAttributes (10ms)
				AfterProcessingInitializeOnLoad (4ms)
				EditorAssembliesLoaded (0ms)
			ExecutionOrderSort2 (0ms)
			AwakeInstancesAfterBackupRestoration (5ms)
Platform modules already initialized, skipping
========================================================================
Worker process is ready to serve import requests
Launched and connected shader compiler UnityShaderCompiler.exe after 0.03 seconds
Refreshing native plugins compatible for Editor in 1.27 ms, found 3 plugins.
Preloading 0 native plugins for Editor in 0.00 ms.
Unloading 2260 Unused Serialized files (Serialized files now loaded: 0)
System memory in use before: 107.5 MB.
System memory in use after: 107.6 MB.

Unloading 29 unused Assets to reduce memory usage. Loaded Objects now: 2698.
Total: 3.597400 ms (FindLiveObjects: 0.238600 ms CreateObjectMapping: 0.070300 ms MarkObjects: 3.216100 ms  DeleteObjects: 0.071300 ms)

AssetImportParameters requested are different than current active one (requested -> active):
  custom:framework-win-MediaFoundation: 216162199b28c13a410421893ffa2e32 -> 
  custom:video-decoder-ogg-theora: a1e56fd34408186e4bbccfd4996cb3dc -> 
  custom:container-muxer-webm: aa71ff27fc2769a1b78a27578f13a17b -> 
  custom:container-demuxer-webm: 4f35f7cbe854078d1ac9338744f61a02 -> 
  custom:container-demuxer-ogg: 62fdf1f143b41e24485cea50d1cbac27 -> 
  custom:video-encoder-webm-vp8: eb34c28f22e8b96e1ab97ce403110664 -> 
  custom:video-decoder-webm-vp8: 9c59270c3fd7afecdb556c50c9e8de78 -> 
  custom:audio-decoder-ogg-vorbis: bf7c407c2cedff20999df2af8eb42d56 -> 
  custom:audio-encoder-webm-vorbis: bf7c407c2cedff20999df2af8eb42d56 -> 
========================================================================
Received Import Request.
  path: Assets/Spriters/Quiz Master Sprites/anime-naruto-86121.jpg
  artifactKey: Guid(e210410ace6b61947ac28738fe86b7c7) Importer(815301076,1909f56bfc062723c751e8b465ee728b)
Start importing Assets/Spriters/Quiz Master Sprites/anime-naruto-86121.jpg using Guid(e210410ace6b61947ac28738fe86b7c7) Importer(815301076,1909f56bfc062723c751e8b465ee728b)  -> (artifact id: '0d9a21ba5524c191bab33623511266fe') in 0.139399 seconds 
  Import took 0.143114 seconds .

========================================================================
Received Import Request.
  Time since last request: 0.000204 seconds.
  path: Assets/Spriters/Quiz Master Sprites/Quiz Master - Gameplay Overview 3.png
  artifactKey: Guid(c2e9785a492dcff43a97e798d328711f) Importer(815301076,1909f56bfc062723c751e8b465ee728b)
Start importing Assets/Spriters/Quiz Master Sprites/Quiz Master - Gameplay Overview 3.png using Guid(c2e9785a492dcff43a97e798d328711f) Importer(815301076,1909f56bfc062723c751e8b465ee728b)  -> (artifact id: 'dc1d2e5a2519777ae6beab7a0a68d137') in 0.015470 seconds 
  Import took 0.018767 seconds .

========================================================================
Received Import Request.
  Time since last request: 0.000169 seconds.
  path: Assets/Spriters/Quiz Master Sprites/Quiz Master - Gameplay Overview 1.png
  artifactKey: Guid(28b3150fe8749c943bae6bbc0a82b5e0) Importer(815301076,1909f56bfc062723c751e8b465ee728b)
Start importing Assets/Spriters/Quiz Master Sprites/Quiz Master - Gameplay Overview 1.png using Guid(28b3150fe8749c943bae6bbc0a82b5e0) Importer(815301076,1909f56bfc062723c751e8b465ee728b)  -> (artifact id: 'dbf39bc0d36077825e3650a9d586a045') in 0.009678 seconds 
  Import took 0.012890 seconds .

========================================================================
Received Import Request.
  Time since last request: 0.000188 seconds.
  path: Assets/Spriters/Quiz Master Sprites/background.png
  artifactKey: Guid(6916ed72c99668a4199b26883cccbe5a) Importer(815301076,1909f56bfc062723c751e8b465ee728b)
Start importing Assets/Spriters/Quiz Master Sprites/background.png using Guid(6916ed72c99668a4199b26883cccbe5a) Importer(815301076,1909f56bfc062723c751e8b465ee728b)  -> (artifact id: '7bdb1facf7777bfb7fa22e377c061ffc') in 0.012839 seconds 
  Import took 0.015896 seconds .

========================================================================
Received Import Request.
  Time since last request: 0.000189 seconds.
  path: Assets/Spriters/Quiz Master Sprites/neon_square_orange.png
  artifactKey: Guid(09056fbcbddacb34db222e18abc5566f) Importer(815301076,1909f56bfc062723c751e8b465ee728b)
Start importing Assets/Spriters/Quiz Master Sprites/neon_square_orange.png using Guid(09056fbcbddacb34db222e18abc5566f) Importer(815301076,1909f56bfc062723c751e8b465ee728b)  -> (artifact id: '0ec984a7903953a02c766dc292f249a8') in 0.016361 seconds 
  Import took 0.019389 seconds .

========================================================================
Received Import Request.
  Time since last request: 0.000179 seconds.
  path: Assets/Spriters/Quiz Master Sprites/neon_square_blue.png
  artifactKey: Guid(d6678c253c744bc4aa5b5de16a11ddea) Importer(815301076,1909f56bfc062723c751e8b465ee728b)
Start importing Assets/Spriters/Quiz Master Sprites/neon_square_blue.png using Guid(d6678c253c744bc4aa5b5de16a11ddea) Importer(815301076,1909f56bfc062723c751e8b465ee728b)  -> (artifact id: 'be4e51d712dcc10fa78785c49b7c911f') in 0.013789 seconds 
  Import took 0.016942 seconds .

========================================================================
Received Import Request.
  Time since last request: 0.000170 seconds.
  path: Assets/Spriters/Quiz Master Sprites/Quiz Master - Gameplay Overview 2.png
  artifactKey: Guid(d942c7474262d034cb4d8fdf1789f19e) Importer(815301076,1909f56bfc062723c751e8b465ee728b)
Start importing Assets/Spriters/Quiz Master Sprites/Quiz Master - Gameplay Overview 2.png using Guid(d942c7474262d034cb4d8fdf1789f19e) Importer(815301076,1909f56bfc062723c751e8b465ee728b)  -> (artifact id: '5cf691d5c8800a48b1d800ad9eb61f7d') in 0.010376 seconds 
  Import took 0.013595 seconds .

========================================================================
Received Import Request.
  Time since last request: 0.000206 seconds.
  path: Assets/Spriters/Quiz Master Sprites/anime-naruto-86490.jpg
  artifactKey: Guid(9f45b55c9b2e030488c0bb3ad8b71311) Importer(815301076,1909f56bfc062723c751e8b465ee728b)
Start importing Assets/Spriters/Quiz Master Sprites/anime-naruto-86490.jpg using Guid(9f45b55c9b2e030488c0bb3ad8b71311) Importer(815301076,1909f56bfc062723c751e8b465ee728b)  -> (artifact id: '7fe163b622c737e080200c40d0a90edb') in 0.013362 seconds 
  Import took 0.016783 seconds .

========================================================================
Received Import Request.
  Time since last request: 0.000176 seconds.
  path: Assets/Spriters/Quiz Master Sprites/neon_round_orange.png
  artifactKey: Guid(5d5f56834808c8c4ea17d0acd0b3d6d5) Importer(815301076,1909f56bfc062723c751e8b465ee728b)
Start importing Assets/Spriters/Quiz Master Sprites/neon_round_orange.png using Guid(5d5f56834808c8c4ea17d0acd0b3d6d5) Importer(815301076,1909f56bfc062723c751e8b465ee728b)  -> (artifact id: 'a53396a2d40a878feb5ac7aad018d11a') in 0.012598 seconds 
  Import took 0.015770 seconds .

========================================================================
Received Prepare
Registering precompiled user dll's ...
Registered in 0.003420 seconds.
Begin MonoManager ReloadAssembly
Native extension for WindowsStandalone target not found
Native extension for WebGL target not found
Refreshing native plugins compatible for Editor in 1.33 ms, found 3 plugins.
Preloading 0 native plugins for Editor in 0.00 ms.
Mono: successfully reloaded assembly
- Completed reload, in  0.833 seconds
Domain Reload Profiling:
	ReloadAssembly (833ms)
		BeginReloadAssembly (89ms)
			ExecutionOrderSort (0ms)
			DisableScriptedObjects (5ms)
			BackupInstance (0ms)
			ReleaseScriptingObjects (0ms)
			CreateAndSetChildDomain (30ms)
		EndReloadAssembly (696ms)
			LoadAssemblies (67ms)
			RebuildTransferFunctionScriptingTraits (0ms)
			SetupTypeCache (223ms)
			ReleaseScriptCaches (1ms)
			RebuildScriptCaches (36ms)
			SetupLoadedEditorAssemblies (286ms)
				LogAssemblyErrors (0ms)
				InitializePlatformSupportModulesInManaged (5ms)
				SetLoadedEditorAssemblies (0ms)
				RefreshPlugins (1ms)
				BeforeProcessingInitializeOnLoad (69ms)
				ProcessInitializeOnLoadAttributes (203ms)
				ProcessInitializeOnLoadMethodAttributes (4ms)
				AfterProcessingInitializeOnLoad (4ms)
				EditorAssembliesLoaded (0ms)
			ExecutionOrderSort2 (0ms)
			AwakeInstancesAfterBackupRestoration (8ms)
Platform modules already initialized, skipping
Refreshing native plugins compatible for Editor in 1.21 ms, found 3 plugins.
Preloading 0 native plugins for Editor in 0.00 ms.
Unloading 2235 Unused Serialized files (Serialized files now loaded: 0)
System memory in use before: 108.8 MB.
System memory in use after: 108.9 MB.

Unloading 17 unused Assets to reduce memory usage. Loaded Objects now: 2711.
Total: 3.245200 ms (FindLiveObjects: 0.238900 ms CreateObjectMapping: 0.055900 ms MarkObjects: 2.929500 ms  DeleteObjects: 0.019600 ms)

AssetImportParameters requested are different than current active one (requested -> active):
  custom:framework-win-MediaFoundation: 216162199b28c13a410421893ffa2e32 -> 
  custom:video-decoder-ogg-theora: a1e56fd34408186e4bbccfd4996cb3dc -> 
  custom:container-muxer-webm: aa71ff27fc2769a1b78a27578f13a17b -> 
  custom:container-demuxer-webm: 4f35f7cbe854078d1ac9338744f61a02 -> 
  custom:container-demuxer-ogg: 62fdf1f143b41e24485cea50d1cbac27 -> 
  custom:video-encoder-webm-vp8: eb34c28f22e8b96e1ab97ce403110664 -> 
  custom:video-decoder-webm-vp8: 9c59270c3fd7afecdb556c50c9e8de78 -> 
  custom:audio-decoder-ogg-vorbis: bf7c407c2cedff20999df2af8eb42d56 -> 
  custom:audio-encoder-webm-vorbis: bf7c407c2cedff20999df2af8eb42d56 -> 
AssetImportWorkerClient::OnTransportError - code=2 error=End of file
